d:\kimboseong\c++\api\api\x64\debug\vc143.pdb
d:\kimboseong\c++\api\api\x64\debug\vc143.idb
d:\kimboseong\c++\api\api\x64\debug\msg.obj
d:\kimboseong\c++\api\api\x64\debug\main.obj
d:\kimboseong\c++\api\api\x64\debug\api.obj
d:\kimboseong\c++\api\api\x64\debug\render.obj
d:\kimboseong\c++\api\x64\debug\api.exe
d:\kimboseong\c++\api\api\x64\debug\api.ilk
d:\kimboseong\c++\api\x64\debug\api.pdb
d:\kimboseong\c++\api\api\x64\debug\api.res
d:\kimboseong\c++\api\api\x64\debug\api.tlog\cl.command.1.tlog
d:\kimboseong\c++\api\api\x64\debug\api.tlog\cl.items.tlog
d:\kimboseong\c++\api\api\x64\debug\api.tlog\cl.read.1.tlog
d:\kimboseong\c++\api\api\x64\debug\api.tlog\cl.write.1.tlog
d:\kimboseong\c++\api\api\x64\debug\api.tlog\link.command.1.tlog
d:\kimboseong\c++\api\api\x64\debug\api.tlog\link.read.1.tlog
d:\kimboseong\c++\api\api\x64\debug\api.tlog\link.write.1.tlog
d:\kimboseong\c++\api\api\x64\debug\api.tlog\rc.command.1.tlog
d:\kimboseong\c++\api\api\x64\debug\api.tlog\rc.read.1.tlog
d:\kimboseong\c++\api\api\x64\debug\api.tlog\rc.write.1.tlog
