  Tutorial01.cpp
C:\Program Files (x86)\Microsoft DirectX SDK (June 2010)\Include\dxgitype.h(12,1): warning C4005: 'DXGI_STATUS_OCCLUDED': 매크로 재정의
  (소스 파일 'Tutorial01.cpp'을(를) 컴파일하는 중)
      C:\Program Files (x86)\Windows Kits\10\Include\10.0.26100.0\shared\winerror.h(59092,1):
      'DXGI_STATUS_OCCLUDED'의 이전 정의를 참조하십시오.
  
C:\Program Files (x86)\Microsoft DirectX SDK (June 2010)\Include\dxgitype.h(13,1): warning C4005: 'DXGI_STATUS_CLIPPED': 매크로 재정의
  (소스 파일 'Tutorial01.cpp'을(를) 컴파일하는 중)
      C:\Program Files (x86)\Windows Kits\10\Include\10.0.26100.0\shared\winerror.h(59101,1):
      'DXGI_STATUS_CLIPPED'의 이전 정의를 참조하십시오.
  
C:\Program Files (x86)\Microsoft DirectX SDK (June 2010)\Include\dxgitype.h(14,1): warning C4005: 'DXGI_STATUS_NO_REDIRECTION': 매크로 재정의
  (소스 파일 'Tutorial01.cpp'을(를) 컴파일하는 중)
      C:\Program Files (x86)\Windows Kits\10\Include\10.0.26100.0\shared\winerror.h(59110,1):
      'DXGI_STATUS_NO_REDIRECTION'의 이전 정의를 참조하십시오.
  
C:\Program Files (x86)\Microsoft DirectX SDK (June 2010)\Include\dxgitype.h(15,1): warning C4005: 'DXGI_STATUS_NO_DESKTOP_ACCESS': 매크로 재정의
  (소스 파일 'Tutorial01.cpp'을(를) 컴파일하는 중)
      C:\Program Files (x86)\Windows Kits\10\Include\10.0.26100.0\shared\winerror.h(59119,1):
      'DXGI_STATUS_NO_DESKTOP_ACCESS'의 이전 정의를 참조하십시오.
  
C:\Program Files (x86)\Microsoft DirectX SDK (June 2010)\Include\dxgitype.h(16,1): warning C4005: 'DXGI_STATUS_GRAPHICS_VIDPN_SOURCE_IN_USE': 매크로 재정의
  (소스 파일 'Tutorial01.cpp'을(를) 컴파일하는 중)
      C:\Program Files (x86)\Windows Kits\10\Include\10.0.26100.0\shared\winerror.h(59128,1):
      'DXGI_STATUS_GRAPHICS_VIDPN_SOURCE_IN_USE'의 이전 정의를 참조하십시오.
  
C:\Program Files (x86)\Microsoft DirectX SDK (June 2010)\Include\dxgitype.h(17,1): warning C4005: 'DXGI_STATUS_MODE_CHANGED': 매크로 재정의
  (소스 파일 'Tutorial01.cpp'을(를) 컴파일하는 중)
      C:\Program Files (x86)\Windows Kits\10\Include\10.0.26100.0\shared\winerror.h(59137,1):
      'DXGI_STATUS_MODE_CHANGED'의 이전 정의를 참조하십시오.
  
C:\Program Files (x86)\Microsoft DirectX SDK (June 2010)\Include\dxgitype.h(18,1): warning C4005: 'DXGI_STATUS_MODE_CHANGE_IN_PROGRESS': 매크로 재정의
  (소스 파일 'Tutorial01.cpp'을(를) 컴파일하는 중)
      C:\Program Files (x86)\Windows Kits\10\Include\10.0.26100.0\shared\winerror.h(59146,1):
      'DXGI_STATUS_MODE_CHANGE_IN_PROGRESS'의 이전 정의를 참조하십시오.
  
C:\Program Files (x86)\Microsoft DirectX SDK (June 2010)\Include\dxgitype.h(21,1): warning C4005: 'DXGI_ERROR_INVALID_CALL': 매크로 재정의
  (소스 파일 'Tutorial01.cpp'을(를) 컴파일하는 중)
      C:\Program Files (x86)\Windows Kits\10\Include\10.0.26100.0\shared\winerror.h(59161,1):
      'DXGI_ERROR_INVALID_CALL'의 이전 정의를 참조하십시오.
  
C:\Program Files (x86)\Microsoft DirectX SDK (June 2010)\Include\dxgitype.h(22,1): warning C4005: 'DXGI_ERROR_NOT_FOUND': 매크로 재정의
  (소스 파일 'Tutorial01.cpp'을(를) 컴파일하는 중)
      C:\Program Files (x86)\Windows Kits\10\Include\10.0.26100.0\shared\winerror.h(59170,1):
      'DXGI_ERROR_NOT_FOUND'의 이전 정의를 참조하십시오.
  
C:\Program Files (x86)\Microsoft DirectX SDK (June 2010)\Include\dxgitype.h(23,1): warning C4005: 'DXGI_ERROR_MORE_DATA': 매크로 재정의
  (소스 파일 'Tutorial01.cpp'을(를) 컴파일하는 중)
      C:\Program Files (x86)\Windows Kits\10\Include\10.0.26100.0\shared\winerror.h(59179,1):
      'DXGI_ERROR_MORE_DATA'의 이전 정의를 참조하십시오.
  
C:\Program Files (x86)\Microsoft DirectX SDK (June 2010)\Include\dxgitype.h(24,1): warning C4005: 'DXGI_ERROR_UNSUPPORTED': 매크로 재정의
  (소스 파일 'Tutorial01.cpp'을(를) 컴파일하는 중)
      C:\Program Files (x86)\Windows Kits\10\Include\10.0.26100.0\shared\winerror.h(59188,1):
      'DXGI_ERROR_UNSUPPORTED'의 이전 정의를 참조하십시오.
  
C:\Program Files (x86)\Microsoft DirectX SDK (June 2010)\Include\dxgitype.h(25,1): warning C4005: 'DXGI_ERROR_DEVICE_REMOVED': 매크로 재정의
  (소스 파일 'Tutorial01.cpp'을(를) 컴파일하는 중)
      C:\Program Files (x86)\Windows Kits\10\Include\10.0.26100.0\shared\winerror.h(59197,1):
      'DXGI_ERROR_DEVICE_REMOVED'의 이전 정의를 참조하십시오.
  
C:\Program Files (x86)\Microsoft DirectX SDK (June 2010)\Include\dxgitype.h(26,1): warning C4005: 'DXGI_ERROR_DEVICE_HUNG': 매크로 재정의
  (소스 파일 'Tutorial01.cpp'을(를) 컴파일하는 중)
      C:\Program Files (x86)\Windows Kits\10\Include\10.0.26100.0\shared\winerror.h(59206,1):
      'DXGI_ERROR_DEVICE_HUNG'의 이전 정의를 참조하십시오.
  
C:\Program Files (x86)\Microsoft DirectX SDK (June 2010)\Include\dxgitype.h(27,1): warning C4005: 'DXGI_ERROR_DEVICE_RESET': 매크로 재정의
  (소스 파일 'Tutorial01.cpp'을(를) 컴파일하는 중)
      C:\Program Files (x86)\Windows Kits\10\Include\10.0.26100.0\shared\winerror.h(59216,1):
      'DXGI_ERROR_DEVICE_RESET'의 이전 정의를 참조하십시오.
  
C:\Program Files (x86)\Microsoft DirectX SDK (June 2010)\Include\dxgitype.h(28,1): warning C4005: 'DXGI_ERROR_WAS_STILL_DRAWING': 매크로 재정의
  (소스 파일 'Tutorial01.cpp'을(를) 컴파일하는 중)
      C:\Program Files (x86)\Windows Kits\10\Include\10.0.26100.0\shared\winerror.h(59225,1):
      'DXGI_ERROR_WAS_STILL_DRAWING'의 이전 정의를 참조하십시오.
  
C:\Program Files (x86)\Microsoft DirectX SDK (June 2010)\Include\dxgitype.h(29,1): warning C4005: 'DXGI_ERROR_FRAME_STATISTICS_DISJOINT': 매크로 재정의
  (소스 파일 'Tutorial01.cpp'을(를) 컴파일하는 중)
      C:\Program Files (x86)\Windows Kits\10\Include\10.0.26100.0\shared\winerror.h(59235,1):
      'DXGI_ERROR_FRAME_STATISTICS_DISJOINT'의 이전 정의를 참조하십시오.
  
C:\Program Files (x86)\Microsoft DirectX SDK (June 2010)\Include\dxgitype.h(30,1): warning C4005: 'DXGI_ERROR_GRAPHICS_VIDPN_SOURCE_IN_USE': 매크로 재정의
  (소스 파일 'Tutorial01.cpp'을(를) 컴파일하는 중)
      C:\Program Files (x86)\Windows Kits\10\Include\10.0.26100.0\shared\winerror.h(59244,1):
      'DXGI_ERROR_GRAPHICS_VIDPN_SOURCE_IN_USE'의 이전 정의를 참조하십시오.
  
C:\Program Files (x86)\Microsoft DirectX SDK (June 2010)\Include\dxgitype.h(31,1): warning C4005: 'DXGI_ERROR_DRIVER_INTERNAL_ERROR': 매크로 재정의
  (소스 파일 'Tutorial01.cpp'을(를) 컴파일하는 중)
      C:\Program Files (x86)\Windows Kits\10\Include\10.0.26100.0\shared\winerror.h(59254,1):
      'DXGI_ERROR_DRIVER_INTERNAL_ERROR'의 이전 정의를 참조하십시오.
  
C:\Program Files (x86)\Microsoft DirectX SDK (June 2010)\Include\dxgitype.h(32,1): warning C4005: 'DXGI_ERROR_NONEXCLUSIVE': 매크로 재정의
  (소스 파일 'Tutorial01.cpp'을(를) 컴파일하는 중)
      C:\Program Files (x86)\Windows Kits\10\Include\10.0.26100.0\shared\winerror.h(59263,1):
      'DXGI_ERROR_NONEXCLUSIVE'의 이전 정의를 참조하십시오.
  
C:\Program Files (x86)\Microsoft DirectX SDK (June 2010)\Include\dxgitype.h(33,1): warning C4005: 'DXGI_ERROR_NOT_CURRENTLY_AVAILABLE': 매크로 재정의
  (소스 파일 'Tutorial01.cpp'을(를) 컴파일하는 중)
      C:\Program Files (x86)\Windows Kits\10\Include\10.0.26100.0\shared\winerror.h(59272,1):
      'DXGI_ERROR_NOT_CURRENTLY_AVAILABLE'의 이전 정의를 참조하십시오.
  
C:\Program Files (x86)\Microsoft DirectX SDK (June 2010)\Include\dxgitype.h(34,1): warning C4005: 'DXGI_ERROR_REMOTE_CLIENT_DISCONNECTED': 매크로 재정의
  (소스 파일 'Tutorial01.cpp'을(를) 컴파일하는 중)
      C:\Program Files (x86)\Windows Kits\10\Include\10.0.26100.0\shared\winerror.h(59282,1):
      'DXGI_ERROR_REMOTE_CLIENT_DISCONNECTED'의 이전 정의를 참조하십시오.
  
C:\Program Files (x86)\Microsoft DirectX SDK (June 2010)\Include\dxgitype.h(35,1): warning C4005: 'DXGI_ERROR_REMOTE_OUTOFMEMORY': 매크로 재정의
  (소스 파일 'Tutorial01.cpp'을(를) 컴파일하는 중)
      C:\Program Files (x86)\Windows Kits\10\Include\10.0.26100.0\shared\winerror.h(59291,1):
      'DXGI_ERROR_REMOTE_OUTOFMEMORY'의 이전 정의를 참조하십시오.
  
C:\Program Files (x86)\Microsoft DirectX SDK (June 2010)\Include\d3d11.h(917,1): warning C4005: 'D3D11_ERROR_TOO_MANY_UNIQUE_STATE_OBJECTS': 매크로 재정의
  (소스 파일 'Tutorial01.cpp'을(를) 컴파일하는 중)
      C:\Program Files (x86)\Windows Kits\10\Include\10.0.26100.0\shared\winerror.h(59606,1):
      'D3D11_ERROR_TOO_MANY_UNIQUE_STATE_OBJECTS'의 이전 정의를 참조하십시오.
  
C:\Program Files (x86)\Microsoft DirectX SDK (June 2010)\Include\d3d11.h(918,1): warning C4005: 'D3D11_ERROR_FILE_NOT_FOUND': 매크로 재정의
  (소스 파일 'Tutorial01.cpp'을(를) 컴파일하는 중)
      C:\Program Files (x86)\Windows Kits\10\Include\10.0.26100.0\shared\winerror.h(59615,1):
      'D3D11_ERROR_FILE_NOT_FOUND'의 이전 정의를 참조하십시오.
  
C:\Program Files (x86)\Microsoft DirectX SDK (June 2010)\Include\d3d11.h(919,1): warning C4005: 'D3D11_ERROR_TOO_MANY_UNIQUE_VIEW_OBJECTS': 매크로 재정의
  (소스 파일 'Tutorial01.cpp'을(를) 컴파일하는 중)
      C:\Program Files (x86)\Windows Kits\10\Include\10.0.26100.0\shared\winerror.h(59625,1):
      'D3D11_ERROR_TOO_MANY_UNIQUE_VIEW_OBJECTS'의 이전 정의를 참조하십시오.
  
C:\Program Files (x86)\Microsoft DirectX SDK (June 2010)\Include\d3d11.h(920,1): warning C4005: 'D3D11_ERROR_DEFERRED_CONTEXT_MAP_WITHOUT_INITIAL_DISCARD': 매크로 재정의
  (소스 파일 'Tutorial01.cpp'을(를) 컴파일하는 중)
      C:\Program Files (x86)\Windows Kits\10\Include\10.0.26100.0\shared\winerror.h(59634,1):
      'D3D11_ERROR_DEFERRED_CONTEXT_MAP_WITHOUT_INITIAL_DISCARD'의 이전 정의를 참조하십시오.
  
C:\Program Files (x86)\Microsoft DirectX SDK (June 2010)\Include\d3d10.h(608,1): warning C4005: 'D3D10_ERROR_TOO_MANY_UNIQUE_STATE_OBJECTS': 매크로 재정의
  (소스 파일 'Tutorial01.cpp'을(를) 컴파일하는 중)
      C:\Program Files (x86)\Windows Kits\10\Include\10.0.26100.0\shared\winerror.h(59582,1):
      'D3D10_ERROR_TOO_MANY_UNIQUE_STATE_OBJECTS'의 이전 정의를 참조하십시오.
  
C:\Program Files (x86)\Microsoft DirectX SDK (June 2010)\Include\d3d10.h(609,1): warning C4005: 'D3D10_ERROR_FILE_NOT_FOUND': 매크로 재정의
  (소스 파일 'Tutorial01.cpp'을(를) 컴파일하는 중)
      C:\Program Files (x86)\Windows Kits\10\Include\10.0.26100.0\shared\winerror.h(59591,1):
      'D3D10_ERROR_FILE_NOT_FOUND'의 이전 정의를 참조하십시오.
  
  Tutorial01_2010.vcxproj -> C:\Users\Hclass\Documents\GitHub\d3dx11\tutorial\Tutorial01\x64\Debug\Tutorial01.exe
  'pwsh.exe'은(는) 내부 또는 외부 명령, 실행할 수 있는 프로그램, 또는
  배치 파일이 아닙니다.
